<?xml version="1.0" encoding="UTF-8"?>
<testng-results skipped="0" failed="0" ignored="0" total="0" passed="0">
  <reporter-output>
  </reporter-output>
  <suite name="Surefire suite" duration-ms="15717" started-at="2021-11-21T20:20:36 CAT" finished-at="2021-11-21T20:20:52 CAT">
    <groups>
    </groups>
    <test name="Surefire test" duration-ms="15717" started-at="2021-11-21T20:20:36 CAT" finished-at="2021-11-21T20:20:52 CAT">
    </test> <!-- Surefire test -->
  </suite> <!-- Surefire suite -->
</testng-results>
